#
# There is insufficient memory for the Java Runtime Environment to continue.
# Native memory allocation (malloc) failed to allocate 1048576 bytes. Error detail: AllocateHeap
# Possible reasons:
#   The system is out of physical RAM or swap space
#   This process is running with CompressedOops enabled, and the Java Heap may be blocking the growth of the native heap
# Possible solutions:
#   Reduce memory load on the system
#   Increase physical memory or swap space
#   Check if swap backing store is full
#   Decrease Java heap size (-Xmx/-Xms)
#   Decrease number of Java threads
#   Decrease Java thread stack sizes (-Xss)
#   Set larger code cache with -XX:ReservedCodeCacheSize=
#   JVM is running with Unscaled Compressed Oops mode in which the Java heap is
#     placed in the first 4GB address space. The Java Heap base address is the
#     maximum limit for the native heap growth. Please use -XX:HeapBaseMinAddress
#     to set the Java Heap base and to place the Java Heap above 4GB virtual address.
# This output file may be truncated or incomplete.
#
#  Out of Memory Error (allocation.cpp:44), pid=11848, tid=15424
#
# JRE version: OpenJDK Runtime Environment Temurin-21.0.10+7 (21.0.10+7) (build 21.0.10+7-LTS)
# Java VM: OpenJDK 64-Bit Server VM Temurin-21.0.10+7 (21.0.10+7-LTS, mixed mode, sharing, tiered, compressed oops, compressed class ptrs, parallel gc, windows-amd64)
# No core dump will be written. Minidumps are not enabled by default on client versions of Windows
#

---------------  S U M M A R Y ------------

Command Line: --add-modules=ALL-SYSTEM --add-opens=java.base/java.util=ALL-UNNAMED --add-opens=java.base/java.lang=ALL-UNNAMED --add-opens=java.base/sun.nio.fs=ALL-UNNAMED -Declipse.application=org.eclipse.jdt.ls.core.id1 -Dosgi.bundles.defaultStartLevel=4 -Declipse.product=org.eclipse.jdt.ls.core.product -Djava.import.generatesMetadataFilesAtProjectRoot=false -DDetectVMInstallationsJob.disabled=true -Dfile.encoding=utf8 -XX:+UseParallelGC -XX:GCTimeRatio=4 -XX:AdaptiveSizePolicyWeight=90 -Dsun.zip.disableMemoryMapping=true -Xmx2G -Xms100m -Xlog:disable -javaagent:c:\Users\fiskh\.kiro\extensions\redhat.java-1.54.0-win32-x64\lombok\lombok-1.18.39-4050.jar -XX:+HeapDumpOnOutOfMemoryError -XX:HeapDumpPath=c:\Users\fiskh\AppData\Roaming\Kiro\User\workspaceStorage\3bf4346b1afba7522545706164a46355\redhat.java -Daether.dependencyCollector.impl=bf c:\Users\fiskh\.kiro\extensions\redhat.java-1.54.0-win32-x64\server\plugins\org.eclipse.equinox.launcher_1.7.100.v20251111-0406.jar -configuration c:\Users\fiskh\AppData\Roaming\Kiro\User\globalStorage\redhat.java\1.54.0\config_win -data c:\Users\fiskh\AppData\Roaming\Kiro\User\workspaceStorage\3bf4346b1afba7522545706164a46355\redhat.java\jdt_ws --pipe=\\.\pipe\lsp-fc1306c830597a3729be1d0ecef8452f-sock

Host: AMD Ryzen 5 5500U with Radeon Graphics         , 12 cores, 7G,  Windows 11 , 64 bit Build 26100 (10.0.26100.7019)
Time: Fri Jun 19 21:19:56 2026 South Africa Standard Time elapsed time: 101320.670620 seconds (1d 4h 8m 40s)

---------------  T H R E A D  ---------------

Current thread (0x000001c6c9182140):  JavaThread "Attach Listener" daemon [_thread_in_vm, id=15424, stack(0x000000a9dcd00000,0x000000a9dce00000) (1024K)]

Stack: [0x000000a9dcd00000,0x000000a9dce00000]
Native frames: (J=compiled Java code, j=interpreted, Vv=VM code, C=native code)
V  [jvm.dll+0x6d7a39]
V  [jvm.dll+0x8b4b26]
V  [jvm.dll+0x8b70de]
V  [jvm.dll+0x8b77c3]
V  [jvm.dll+0x284346]
V  [jvm.dll+0xc1277]
V  [jvm.dll+0x6d82e9]
V  [jvm.dll+0x1334a6]
V  [jvm.dll+0x3f857e]
V  [jvm.dll+0x85f59d]
V  [jvm.dll+0x6d626d]
C  [ucrtbase.dll+0x37b0]
C  [KERNEL32.DLL+0x2e8d7]
C  [ntdll.dll+0x8c53c]


---------------  P R O C E S S  ---------------

Threads class SMR info:
_java_thread_list=0x000001c6e8ee9650, length=38, elements={
0x000001c6c6ea5b00, 0x000001c6c91793c0, 0x000001c6c9179f80, 0x000001c6c91816e0,
0x000001c6c9182140, 0x000001c6c9182ba0, 0x000001c6c9183600, 0x000001c6c9186450,
0x000001c6e0f5b450, 0x000001c6e11788e0, 0x000001c6e123d4a0, 0x000001c6c918a160,
0x000001c6e64ba5d0, 0x000001c6e681fdd0, 0x000001c6e1077010, 0x000001c6e65a3900,
0x000001c6e6a1ec80, 0x000001c6e6f2a700, 0x000001c6e6f649e0, 0x000001c6e6f63cc0,
0x000001c6e92e0060, 0x000001c6e92e06f0, 0x000001c6e92e1410, 0x000001c6e92ddf90,
0x000001c6e92e1aa0, 0x000001c6e92de620, 0x000001c6e92e2130, 0x000001c6e92decb0,
0x000001c6e92e27c0, 0x000001c6e92df340, 0x000001c6e92e2e50, 0x000001c6e92df9d0,
0x000001c6e92e34e0, 0x000001c6e92e3b70, 0x000001c6e92e4200, 0x000001c6e92e4890,
0x000001c6ea4b3320, 0x000001c6ea4b1250
}

Java Threads: ( => current thread )
  0x000001c6c6ea5b00 JavaThread "main"                              [_thread_blocked, id=9064, stack(0x000000a9dc600000,0x000000a9dc700000) (1024K)]
  0x000001c6c91793c0 JavaThread "Reference Handler"          daemon [_thread_blocked, id=3372, stack(0x000000a9dca00000,0x000000a9dcb00000) (1024K)]
  0x000001c6c9179f80 JavaThread "Finalizer"                  daemon [_thread_blocked, id=31716, stack(0x000000a9dcb00000,0x000000a9dcc00000) (1024K)]
  0x000001c6c91816e0 JavaThread "Signal Dispatcher"          daemon [_thread_blocked, id=17736, stack(0x000000a9dcc00000,0x000000a9dcd00000) (1024K)]
=>0x000001c6c9182140 JavaThread "Attach Listener"            daemon [_thread_in_vm, id=15424, stack(0x000000a9dcd00000,0x000000a9dce00000) (1024K)]
  0x000001c6c9182ba0 JavaThread "Service Thread"             daemon [_thread_blocked, id=24376, stack(0x000000a9dce00000,0x000000a9dcf00000) (1024K)]
  0x000001c6c9183600 JavaThread "Monitor Deflation Thread"   daemon [_thread_blocked, id=31240, stack(0x000000a9dcf00000,0x000000a9dd000000) (1024K)]
  0x000001c6c9186450 JavaThread "C2 CompilerThread0"         daemon [_thread_blocked, id=12004, stack(0x000000a9dd000000,0x000000a9dd100000) (1024K)]
  0x000001c6e0f5b450 JavaThread "C1 CompilerThread0"         daemon [_thread_blocked, id=31232, stack(0x000000a9dd100000,0x000000a9dd200000) (1024K)]
  0x000001c6e11788e0 JavaThread "Common-Cleaner"             daemon [_thread_blocked, id=31248, stack(0x000000a9dd200000,0x000000a9dd300000) (1024K)]
  0x000001c6e123d4a0 JavaThread "Notification Thread"        daemon [_thread_blocked, id=25732, stack(0x000000a9dd300000,0x000000a9dd400000) (1024K)]
  0x000001c6c918a160 JavaThread "Active Thread: Equinox Container: 21a41d1d-1ec2-4fb9-a7e6-195e090f0a3e"        [_thread_blocked, id=27768, stack(0x000000a9dda00000,0x000000a9ddb00000) (1024K)]
  0x000001c6e64ba5d0 JavaThread "Refresh Thread: Equinox Container: 21a41d1d-1ec2-4fb9-a7e6-195e090f0a3e" daemon [_thread_blocked, id=25652, stack(0x000000a9ddc00000,0x000000a9ddd00000) (1024K)]
  0x000001c6e681fdd0 JavaThread "Framework Event Dispatcher: Equinox Container: 21a41d1d-1ec2-4fb9-a7e6-195e090f0a3e" daemon [_thread_blocked, id=30940, stack(0x000000a9ddd00000,0x000000a9dde00000) (1024K)]
  0x000001c6e1077010 JavaThread "Start Level: Equinox Container: 21a41d1d-1ec2-4fb9-a7e6-195e090f0a3e" daemon [_thread_blocked, id=22932, stack(0x000000a9dde00000,0x000000a9ddf00000) (1024K)]
  0x000001c6e65a3900 JavaThread "Bundle File Closer"         daemon [_thread_blocked, id=27232, stack(0x000000a9de100000,0x000000a9de200000) (1024K)]
  0x000001c6e6a1ec80 JavaThread "SCR Component Actor"        daemon [_thread_blocked, id=31368, stack(0x000000a9de200000,0x000000a9de300000) (1024K)]
  0x000001c6e6f2a700 JavaThread "Worker-JM"                         [_thread_blocked, id=26208, stack(0x000000a9de400000,0x000000a9de500000) (1024K)]
  0x000001c6e6f649e0 JavaThread "JNA Cleaner"                daemon [_thread_blocked, id=24776, stack(0x000000a9de300000,0x000000a9de400000) (1024K)]
  0x000001c6e6f63cc0 JavaThread "Java indexing"              daemon [_thread_blocked, id=18468, stack(0x000000a9dea00000,0x000000a9deb00000) (1024K)]
  0x000001c6e92e0060 JavaThread "Thread-1"                   daemon [_thread_in_native, id=28388, stack(0x000000a9df000000,0x000000a9df100000) (1024K)]
  0x000001c6e92e06f0 JavaThread "Thread-2"                   daemon [_thread_in_native, id=30856, stack(0x000000a9df100000,0x000000a9df200000) (1024K)]
  0x000001c6e92e1410 JavaThread "Thread-3"                   daemon [_thread_in_native, id=16336, stack(0x000000a9df200000,0x000000a9df300000) (1024K)]
  0x000001c6e92ddf90 JavaThread "Thread-4"                   daemon [_thread_in_native, id=30008, stack(0x000000a9df300000,0x000000a9df400000) (1024K)]
  0x000001c6e92e1aa0 JavaThread "Thread-5"                   daemon [_thread_in_native, id=28264, stack(0x000000a9df400000,0x000000a9df500000) (1024K)]
  0x000001c6e92de620 JavaThread "Thread-6"                   daemon [_thread_in_native, id=13000, stack(0x000000a9df500000,0x000000a9df600000) (1024K)]
  0x000001c6e92e2130 JavaThread "Thread-7"                   daemon [_thread_in_native, id=23972, stack(0x000000a9df600000,0x000000a9df700000) (1024K)]
  0x000001c6e92decb0 JavaThread "Thread-8"                   daemon [_thread_in_native, id=30784, stack(0x000000a9df700000,0x000000a9df800000) (1024K)]
  0x000001c6e92e27c0 JavaThread "Thread-9"                   daemon [_thread_in_native, id=29440, stack(0x000000a9df800000,0x000000a9df900000) (1024K)]
  0x000001c6e92df340 JavaThread "Thread-10"                  daemon [_thread_in_native, id=28136, stack(0x000000a9df900000,0x000000a9dfa00000) (1024K)]
  0x000001c6e92e2e50 JavaThread "Thread-11"                  daemon [_thread_in_native, id=25392, stack(0x000000a9dfa00000,0x000000a9dfb00000) (1024K)]
  0x000001c6e92df9d0 JavaThread "Thread-12"                  daemon [_thread_in_native, id=21640, stack(0x000000a9dfb00000,0x000000a9dfc00000) (1024K)]
  0x000001c6e92e34e0 JavaThread "Thread-13"                  daemon [_thread_in_native, id=29412, stack(0x000000a9dfc00000,0x000000a9dfd00000) (1024K)]
  0x000001c6e92e3b70 JavaThread "pool-2-thread-1"                   [_thread_blocked, id=4916, stack(0x000000a9dfd00000,0x000000a9dfe00000) (1024K)]
  0x000001c6e92e4200 JavaThread "WorkspaceEventsHandler"            [_thread_blocked, id=8660, stack(0x000000a9dfe00000,0x000000a9dff00000) (1024K)]
  0x000001c6e92e4890 JavaThread "pool-1-thread-1"                   [_thread_blocked, id=28660, stack(0x000000a9dff00000,0x000000a9e0000000) (1024K)]
  0x000001c6ea4b3320 JavaThread "Worker-13"                         [_thread_blocked, id=29796, stack(0x000000a9de800000,0x000000a9de900000) (1024K)]
  0x000001c6ea4b1250 JavaThread "Worker-14"                         [_thread_blocked, id=21620, stack(0x000000a9dc400000,0x000000a9dc500000) (1024K)]
Total: 38

Other Threads:
  0x000001c6c9283ac0 VMThread "VM Thread"                           [id=2988, stack(0x000000a9dc900000,0x000000a9dca00000) (1024K)]
  0x000001c6c906ca00 WatcherThread "VM Periodic Task Thread"        [id=27592, stack(0x000000a9dc800000,0x000000a9dc900000) (1024K)]
  0x000001c6c9207fd0 WorkerThread "GC Thread#0"                     [id=8572, stack(0x000000a9dc700000,0x000000a9dc800000) (1024K)]
  0x000001c6e66391d0 WorkerThread "GC Thread#1"                     [id=25628, stack(0x000000a9dd400000,0x000000a9dd500000) (1024K)]
  0x000001c6e6639580 WorkerThread "GC Thread#2"                     [id=31408, stack(0x000000a9dd500000,0x000000a9dd600000) (1024K)]
  0x000001c6e6639930 WorkerThread "GC Thread#3"                     [id=26612, stack(0x000000a9dd600000,0x000000a9dd700000) (1024K)]
  0x000001c6e6172fe0 WorkerThread "GC Thread#4"                     [id=10536, stack(0x000000a9dd700000,0x000000a9dd800000) (1024K)]
  0x000001c6e6173390 WorkerThread "GC Thread#5"                     [id=27740, stack(0x000000a9dd800000,0x000000a9dd900000) (1024K)]
  0x000001c6e6173ca0 WorkerThread "GC Thread#6"                     [id=29772, stack(0x000000a9dd900000,0x000000a9dda00000) (1024K)]
  0x000001c6e64b9cd0 WorkerThread "GC Thread#7"                     [id=24528, stack(0x000000a9ddb00000,0x000000a9ddc00000) (1024K)]
  0x000001c6e60cfc00 WorkerThread "GC Thread#8"                     [id=18056, stack(0x000000a9ddf00000,0x000000a9de000000) (1024K)]
  0x000001c6e68935d0 WorkerThread "GC Thread#9"                     [id=15472, stack(0x000000a9de000000,0x000000a9de100000) (1024K)]
Total: 12

Threads with active compile tasks:
Total: 0

VM state: not at safepoint (normal execution)

VM Mutex/Monitor currently owned by a thread: None

Heap address: 0x0000000080000000, size: 2048 MB, Compressed Oops mode: 32-bit

CDS archive(s) mapped at: [0x000001c680000000-0x000001c680ba0000-0x000001c680ba0000), size 12189696, SharedBaseAddress: 0x000001c680000000, ArchiveRelocationMode: 1.
Compressed class space mapped at: 0x000001c681000000-0x000001c6c1000000, reserved size: 1073741824
Narrow klass base: 0x000001c680000000, Narrow klass shift: 0, Narrow klass range: 0x100000000

GC Precious Log:
 CardTable entry size: 512
 CPUs: 12 total, 12 available
 Memory: 7501M
 Large Page Support: Disabled
 NUMA Support: Disabled
 Compressed Oops: Enabled (32-bit)
 Alignments: Space 512K, Generation 512K, Heap 2M
 Heap Min Capacity: 100M
 Heap Initial Capacity: 100M
 Heap Max Capacity: 2G
 Pre-touch: Disabled
 Parallel Workers: 10

Heap:
 PSYoungGen      total 5632K, used 3864K [0x00000000d5580000, 0x00000000d6000000, 0x0000000100000000)
  eden space 4608K, 73% used [0x00000000d5580000,0x00000000d58ce1b0,0x00000000d5a00000)
  from space 1024K, 46% used [0x00000000d5e00000,0x00000000d5e78000,0x00000000d5f00000)
  to   space 512K, 0% used [0x00000000d5f80000,0x00000000d5f80000,0x00000000d6000000)
 ParOldGen       total 557056K, used 556669K [0x0000000080000000, 0x00000000a2000000, 0x00000000d5580000)
  object space 557056K, 99% used [0x0000000080000000,0x00000000a1f9f6b8,0x00000000a2000000)
 Metaspace       used 79256K, committed 80896K, reserved 1179648K
  class space    used 8152K, committed 8896K, reserved 1048576K

Card table byte_map: [0x000001c6c8b80000,0x000001c6c8f90000] _byte_map_base: 0x000001c6c8780000

Marking Bits: (ParMarkBitMap*) 0x00007ffb02bc3450
 Begin Bits: [0x000001c6db690000, 0x000001c6dd690000)
 End Bits:   [0x000001c6dd690000, 0x000001c6df690000)

Polling page: 0x000001c6c7070000

Metaspace:

Usage:
  Non-class:     69.44 MB used.
      Class:      7.96 MB used.
       Both:     77.40 MB used.

Virtual space:
  Non-class space:      128.00 MB reserved,      70.31 MB ( 55%) committed,  2 nodes.
      Class space:        1.00 GB reserved,       8.69 MB ( <1%) committed,  1 nodes.
             Both:        1.12 GB reserved,      79.00 MB (  7%) committed. 

Chunk freelists:
   Non-Class:  8.87 MB
       Class:  7.30 MB
        Both:  16.17 MB

MaxMetaspaceSize: unlimited
CompressedClassSpaceSize: 1.00 GB
Initial GC threshold: 21.00 MB
Current GC threshold: 130.12 MB
CDS: on
 - commit_granule_bytes: 65536.
 - commit_granule_words: 8192.
 - virtual_space_node_default_size: 8388608.
 - enlarge_chunks_in_place: 1.
 - use_allocation_guard: 0.


Internal statistics:

num_allocs_failed_limit: 9.
num_arena_births: 1452.
num_arena_deaths: 28.
num_vsnodes_births: 3.
num_vsnodes_deaths: 0.
num_space_committed: 1275.
num_space_uncommitted: 7.
num_chunks_returned_to_freelist: 95.
num_chunks_taken_from_freelist: 5195.
num_chunk_merges: 31.
num_chunk_splits: 3143.
num_chunks_enlarged: 1749.
num_inconsistent_stats: 0.

CodeHeap 'non-profiled nmethods': size=120000Kb used=15475Kb max_used=15475Kb free=104524Kb
 bounds [0x000001c6d3eb0000, 0x000001c6d4dd0000, 0x000001c6db3e0000]
CodeHeap 'profiled nmethods': size=120000Kb used=39826Kb max_used=39826Kb free=80173Kb
 bounds [0x000001c6cc3e0000, 0x000001c6cead0000, 0x000001c6d3910000]
CodeHeap 'non-nmethods': size=5760Kb used=1490Kb max_used=1591Kb free=4269Kb
 bounds [0x000001c6d3910000, 0x000001c6d3b80000, 0x000001c6d3eb0000]
CodeCache: size=245760Kb, used=56791Kb, max_used=56892Kb, free=188966Kb
 total_blobs=17367, nmethods=16561, adapters=708, full_count=0
Compilation: enabled, stopped_count=0, restarted_count=0

Compilation events (20 events):
Event: 20580.486 Thread 0x000001c6c9186450 18349       4       java.util.concurrent.ScheduledThreadPoolExecutor::canRunInCurrentRunState (61 bytes)
Event: 20580.499 Thread 0x000001c6c9186450 nmethod 18349 0x000001c6d4dc9610 code [0x000001c6d4dc97a0, 0x000001c6d4dc9868]
Event: 22380.183 Thread 0x000001c6c9186450 18350       4       java.util.HashMap$Node::setValue (12 bytes)
Event: 22380.197 Thread 0x000001c6c9186450 nmethod 18350 0x000001c6d4dc9990 code [0x000001c6d4dc9b20, 0x000001c6d4dc9bc8]
Event: 22571.838 Thread 0x000001c6c9186450 18351       4       java.util.concurrent.TimeUnit::convert (73 bytes)
Event: 22571.855 Thread 0x000001c6c9186450 nmethod 18351 0x000001c6d4dc9c90 code [0x000001c6d4dc9e40, 0x000001c6d4dc9fd0]
Event: 22623.002 Thread 0x000001c6e0f5b450 18352   !   3       jdk.internal.ref.PhantomCleanable::isListEmpty (34 bytes)
Event: 22623.015 Thread 0x000001c6e0f5b450 nmethod 18352 0x000001c6ceac5710 code [0x000001c6ceac58c0, 0x000001c6ceac5b18]
Event: 22623.016 Thread 0x000001c6e0f5b450 18353       3       jdk.internal.misc.InnocuousThread::eraseThreadLocals (23 bytes)
Event: 22623.022 Thread 0x000001c6e0f5b450 nmethod 18353 0x000001c6ceac5c10 code [0x000001c6ceac5da0, 0x000001c6ceac5f08]
Event: 24180.396 Thread 0x000001c6e0f5b450 18354       3       java.lang.Thread::getPriority (17 bytes)
Event: 24180.414 Thread 0x000001c6e0f5b450 nmethod 18354 0x000001c6ceac5f90 code [0x000001c6ceac6140, 0x000001c6ceac6408]
Event: 25080.474 Thread 0x000001c6c9186450 18355       4       org.eclipse.core.internal.utils.StringPool::add (50 bytes)
Event: 25080.638 Thread 0x000001c6c9186450 nmethod 18355 0x000001c6d4dca110 code [0x000001c6d4dca3a0, 0x000001c6d4dcaf20]
Event: 25443.795 Thread 0x000001c6c9186450 18356   !   4       java.util.concurrent.locks.AbstractQueuedSynchronizer::acquire (424 bytes)
Event: 25443.925 Thread 0x000001c6c9186450 nmethod 18356 0x000001c6d4dcb710 code [0x000001c6d4dcb980, 0x000001c6d4dcc738]
Event: 101241.110 Thread 0x000001c6e0f5b450 18357       3       org.eclipse.core.runtime.Status::matches (13 bytes)
Event: 101241.307 Thread 0x000001c6e0f5b450 nmethod 18357 0x000001c6ceac6510 code [0x000001c6ceac66c0, 0x000001c6ceac6838]
Event: 101241.433 Thread 0x000001c6e0f5b450 18358       3       org.eclipse.core.runtime.NullProgressMonitor::done (1 bytes)
Event: 101241.433 Thread 0x000001c6e0f5b450 nmethod 18358 0x000001c6ccad3790 code [0x000001c6ccad3920, 0x000001c6ccad3a28]

GC Heap History (20 events):
Event: 15727.669 GC heap before
{Heap before GC invocations=516 (full 4):
 PSYoungGen      total 5120K, used 5120K [0x00000000d5580000, 0x00000000d6280000, 0x0000000100000000)
  eden space 3072K, 100% used [0x00000000d5580000,0x00000000d5880000,0x00000000d5880000)
  from space 2048K, 100% used [0x00000000d5880000,0x00000000d5a80000,0x00000000d5a80000)
  to   space 4608K, 0% used [0x00000000d5e00000,0x00000000d5e00000,0x00000000d6280000)
 ParOldGen       total 475648K, used 475453K [0x0000000080000000, 0x000000009d080000, 0x00000000d5580000)
  object space 475648K, 99% used [0x0000000080000000,0x000000009d04f658,0x000000009d080000)
 Metaspace       used 79150K, committed 80768K, reserved 1179648K
  class space    used 8152K, committed 8896K, reserved 1048576K
}
Event: 15727.676 GC heap after
{Heap after GC invocations=516 (full 4):
 PSYoungGen      total 7168K, used 2624K [0x00000000d5580000, 0x00000000d6100000, 0x0000000100000000)
  eden space 4096K, 0% used [0x00000000d5580000,0x00000000d5580000,0x00000000d5980000)
  from space 3072K, 85% used [0x00000000d5e00000,0x00000000d6090000,0x00000000d6100000)
  to   space 3584K, 0% used [0x00000000d5a00000,0x00000000d5a00000,0x00000000d5d80000)
 ParOldGen       total 477696K, used 477541K [0x0000000080000000, 0x000000009d280000, 0x00000000d5580000)
  object space 477696K, 99% used [0x0000000080000000,0x000000009d259658,0x000000009d280000)
 Metaspace       used 79150K, committed 80768K, reserved 1179648K
  class space    used 8152K, committed 8896K, reserved 1048576K
}
Event: 15727.761 GC heap before
{Heap before GC invocations=517 (full 4):
 PSYoungGen      total 7168K, used 6553K [0x00000000d5580000, 0x00000000d6100000, 0x0000000100000000)
  eden space 4096K, 95% used [0x00000000d5580000,0x00000000d5956618,0x00000000d5980000)
  from space 3072K, 85% used [0x00000000d5e00000,0x00000000d6090000,0x00000000d6100000)
  to   space 3584K, 0% used [0x00000000d5a00000,0x00000000d5a00000,0x00000000d5d80000)
 ParOldGen       total 541184K, used 538981K [0x0000000080000000, 0x00000000a1080000, 0x00000000d5580000)
  object space 541184K, 99% used [0x0000000080000000,0x00000000a0e596b8,0x00000000a1080000)
 Metaspace       used 79151K, committed 80768K, reserved 1179648K
  class space    used 8152K, committed 8896K, reserved 1048576K
}
Event: 15727.766 GC heap after
{Heap after GC invocations=517 (full 4):
 PSYoungGen      total 8192K, used 2510K [0x00000000d5580000, 0x00000000d6080000, 0x0000000100000000)
  eden space 4608K, 0% used [0x00000000d5580000,0x00000000d5580000,0x00000000d5a00000)
  from space 3584K, 70% used [0x00000000d5a00000,0x00000000d5c73800,0x00000000d5d80000)
  to   space 3072K, 0% used [0x00000000d5d80000,0x00000000d5d80000,0x00000000d6080000)
 ParOldGen       total 541696K, used 541405K [0x0000000080000000, 0x00000000a1100000, 0x00000000d5580000)
  object space 541696K, 99% used [0x0000000080000000,0x00000000a10b76b8,0x00000000a1100000)
 Metaspace       used 79151K, committed 80768K, reserved 1179648K
  class space    used 8152K, committed 8896K, reserved 1048576K
}
Event: 15727.908 GC heap before
{Heap before GC invocations=518 (full 4):
 PSYoungGen      total 8192K, used 7118K [0x00000000d5580000, 0x00000000d6080000, 0x0000000100000000)
  eden space 4608K, 100% used [0x00000000d5580000,0x00000000d5a00000,0x00000000d5a00000)
  from space 3584K, 70% used [0x00000000d5a00000,0x00000000d5c73800,0x00000000d5d80000)
  to   space 3072K, 0% used [0x00000000d5d80000,0x00000000d5d80000,0x00000000d6080000)
 ParOldGen       total 541696K, used 541405K [0x0000000080000000, 0x00000000a1100000, 0x00000000d5580000)
  object space 541696K, 99% used [0x0000000080000000,0x00000000a10b76b8,0x00000000a1100000)
 Metaspace       used 79153K, committed 80768K, reserved 1179648K
  class space    used 8152K, committed 8896K, reserved 1048576K
}
Event: 15727.914 GC heap after
{Heap after GC invocations=518 (full 4):
 PSYoungGen      total 7680K, used 2958K [0x00000000d5580000, 0x00000000d6080000, 0x0000000100000000)
  eden space 4608K, 0% used [0x00000000d5580000,0x00000000d5580000,0x00000000d5a00000)
  from space 3072K, 96% used [0x00000000d5d80000,0x00000000d6063b20,0x00000000d6080000)
  to   space 3072K, 0% used [0x00000000d5a80000,0x00000000d5a80000,0x00000000d5d80000)
 ParOldGen       total 543232K, used 543101K [0x0000000080000000, 0x00000000a1280000, 0x00000000d5580000)
  object space 543232K, 99% used [0x0000000080000000,0x00000000a125f6b8,0x00000000a1280000)
 Metaspace       used 79153K, committed 80768K, reserved 1179648K
  class space    used 8152K, committed 8896K, reserved 1048576K
}
Event: 15727.939 GC heap before
{Heap before GC invocations=519 (full 4):
 PSYoungGen      total 7680K, used 7566K [0x00000000d5580000, 0x00000000d6080000, 0x0000000100000000)
  eden space 4608K, 100% used [0x00000000d5580000,0x00000000d5a00000,0x00000000d5a00000)
  from space 3072K, 96% used [0x00000000d5d80000,0x00000000d6063b20,0x00000000d6080000)
  to   space 3072K, 0% used [0x00000000d5a80000,0x00000000d5a80000,0x00000000d5d80000)
 ParOldGen       total 543232K, used 543101K [0x0000000080000000, 0x00000000a1280000, 0x00000000d5580000)
  object space 543232K, 99% used [0x0000000080000000,0x00000000a125f6b8,0x00000000a1280000)
 Metaspace       used 79153K, committed 80768K, reserved 1179648K
  class space    used 8152K, committed 8896K, reserved 1048576K
}
Event: 15727.946 GC heap after
{Heap after GC invocations=519 (full 4):
 PSYoungGen      total 7680K, used 3072K [0x00000000d5580000, 0x00000000d6b00000, 0x0000000100000000)
  eden space 4608K, 0% used [0x00000000d5580000,0x00000000d5580000,0x00000000d5a00000)
  from space 3072K, 100% used [0x00000000d5a80000,0x00000000d5d80000,0x00000000d5d80000)
  to   space 8704K, 0% used [0x00000000d6280000,0x00000000d6280000,0x00000000d6b00000)
 ParOldGen       total 547840K, used 547460K [0x0000000080000000, 0x00000000a1700000, 0x00000000d5580000)
  object space 547840K, 99% used [0x0000000080000000,0x00000000a16a11d8,0x00000000a1700000)
 Metaspace       used 79153K, committed 80768K, reserved 1179648K
  class space    used 8152K, committed 8896K, reserved 1048576K
}
Event: 15727.969 GC heap before
{Heap before GC invocations=520 (full 4):
 PSYoungGen      total 7680K, used 7372K [0x00000000d5580000, 0x00000000d6b00000, 0x0000000100000000)
  eden space 4608K, 93% used [0x00000000d5580000,0x00000000d59b3320,0x00000000d5a00000)
  from space 3072K, 100% used [0x00000000d5a80000,0x00000000d5d80000,0x00000000d5d80000)
  to   space 8704K, 0% used [0x00000000d6280000,0x00000000d6280000,0x00000000d6b00000)
 ParOldGen       total 547840K, used 547460K [0x0000000080000000, 0x00000000a1700000, 0x00000000d5580000)
  object space 547840K, 99% used [0x0000000080000000,0x00000000a16a11d8,0x00000000a1700000)
 Metaspace       used 79153K, committed 80768K, reserved 1179648K
  class space    used 8152K, committed 8896K, reserved 1048576K
}
Event: 15727.976 GC heap after
{Heap after GC invocations=520 (full 4):
 PSYoungGen      total 8704K, used 3904K [0x00000000d5580000, 0x00000000d6680000, 0x0000000100000000)
  eden space 4608K, 0% used [0x00000000d5580000,0x00000000d5580000,0x00000000d5a00000)
  from space 4096K, 95% used [0x00000000d6280000,0x00000000d6650000,0x00000000d6680000)
  to   space 5632K, 0% used [0x00000000d5b80000,0x00000000d5b80000,0x00000000d6100000)
 ParOldGen       total 550912K, used 550580K [0x0000000080000000, 0x00000000a1a00000, 0x00000000d5580000)
  object space 550912K, 99% used [0x0000000080000000,0x00000000a19ad1d8,0x00000000a1a00000)
 Metaspace       used 79153K, committed 80768K, reserved 1179648K
  class space    used 8152K, committed 8896K, reserved 1048576K
}
Event: 15728.022 GC heap before
{Heap before GC invocations=521 (full 4):
 PSYoungGen      total 8704K, used 8512K [0x00000000d5580000, 0x00000000d6680000, 0x0000000100000000)
  eden space 4608K, 100% used [0x00000000d5580000,0x00000000d5a00000,0x00000000d5a00000)
  from space 4096K, 95% used [0x00000000d6280000,0x00000000d6650000,0x00000000d6680000)
  to   space 5632K, 0% used [0x00000000d5b80000,0x00000000d5b80000,0x00000000d6100000)
 ParOldGen       total 550912K, used 550580K [0x0000000080000000, 0x00000000a1a00000, 0x00000000d5580000)
  object space 550912K, 99% used [0x0000000080000000,0x00000000a19ad1d8,0x00000000a1a00000)
 Metaspace       used 79159K, committed 80832K, reserved 1179648K
  class space    used 8152K, committed 8896K, reserved 1048576K
}
Event: 15728.028 GC heap after
{Heap after GC invocations=521 (full 4):
 PSYoungGen      total 6144K, used 1460K [0x00000000d5580000, 0x00000000d6300000, 0x0000000100000000)
  eden space 4608K, 0% used [0x00000000d5580000,0x00000000d5580000,0x00000000d5a00000)
  from space 1536K, 95% used [0x00000000d5b80000,0x00000000d5ced200,0x00000000d5d00000)
  to   space 3072K, 0% used [0x00000000d6000000,0x00000000d6000000,0x00000000d6300000)
 ParOldGen       total 553984K, used 553964K [0x0000000080000000, 0x00000000a1d00000, 0x00000000d5580000)
  object space 553984K, 99% used [0x0000000080000000,0x00000000a1cfb1d8,0x00000000a1d00000)
 Metaspace       used 79159K, committed 80832K, reserved 1179648K
  class space    used 8152K, committed 8896K, reserved 1048576K
}
Event: 15728.047 GC heap before
{Heap before GC invocations=522 (full 4):
 PSYoungGen      total 6144K, used 6068K [0x00000000d5580000, 0x00000000d6300000, 0x0000000100000000)
  eden space 4608K, 100% used [0x00000000d5580000,0x00000000d5a00000,0x00000000d5a00000)
  from space 1536K, 95% used [0x00000000d5b80000,0x00000000d5ced200,0x00000000d5d00000)
  to   space 3072K, 0% used [0x00000000d6000000,0x00000000d6000000,0x00000000d6300000)
 ParOldGen       total 553984K, used 553964K [0x0000000080000000, 0x00000000a1d00000, 0x00000000d5580000)
  object space 553984K, 99% used [0x0000000080000000,0x00000000a1cfb1d8,0x00000000a1d00000)
 Metaspace       used 79182K, committed 80832K, reserved 1179648K
  class space    used 8152K, committed 8896K, reserved 1048576K
}
Event: 15728.050 GC heap after
{Heap after GC invocations=522 (full 4):
 PSYoungGen      total 5120K, used 512K [0x00000000d5580000, 0x00000000d6080000, 0x0000000100000000)
  eden space 4608K, 0% used [0x00000000d5580000,0x00000000d5580000,0x00000000d5a00000)
  from space 512K, 100% used [0x00000000d6000000,0x00000000d6080000,0x00000000d6080000)
  to   space 1536K, 0% used [0x00000000d5d80000,0x00000000d5d80000,0x00000000d5f00000)
 ParOldGen       total 555520K, used 555280K [0x0000000080000000, 0x00000000a1e80000, 0x00000000d5580000)
  object space 555520K, 99% used [0x0000000080000000,0x00000000a1e443e8,0x00000000a1e80000)
 Metaspace       used 79182K, committed 80832K, reserved 1179648K
  class space    used 8152K, committed 8896K, reserved 1048576K
}
Event: 15728.070 GC heap before
{Heap before GC invocations=523 (full 4):
 PSYoungGen      total 5120K, used 5120K [0x00000000d5580000, 0x00000000d6080000, 0x0000000100000000)
  eden space 4608K, 100% used [0x00000000d5580000,0x00000000d5a00000,0x00000000d5a00000)
  from space 512K, 100% used [0x00000000d6000000,0x00000000d6080000,0x00000000d6080000)
  to   space 1536K, 0% used [0x00000000d5d80000,0x00000000d5d80000,0x00000000d5f00000)
 ParOldGen       total 555520K, used 555280K [0x0000000080000000, 0x00000000a1e80000, 0x00000000d5580000)
  object space 555520K, 99% used [0x0000000080000000,0x00000000a1e443e8,0x00000000a1e80000)
 Metaspace       used 79187K, committed 80832K, reserved 1179648K
  class space    used 8152K, committed 8896K, reserved 1048576K
}
Event: 15728.072 GC heap after
{Heap after GC invocations=523 (full 4):
 PSYoungGen      total 6144K, used 772K [0x00000000d5580000, 0x00000000d6080000, 0x0000000100000000)
  eden space 4608K, 0% used [0x00000000d5580000,0x00000000d5580000,0x00000000d5a00000)
  from space 1536K, 50% used [0x00000000d5d80000,0x00000000d5e41210,0x00000000d5f00000)
  to   space 1024K, 0% used [0x00000000d5f80000,0x00000000d5f80000,0x00000000d6080000)
 ParOldGen       total 556032K, used 555617K [0x0000000080000000, 0x00000000a1f00000, 0x00000000d5580000)
  object space 556032K, 99% used [0x0000000080000000,0x00000000a1e98448,0x00000000a1f00000)
 Metaspace       used 79187K, committed 80832K, reserved 1179648K
  class space    used 8152K, committed 8896K, reserved 1048576K
}
Event: 15728.090 GC heap before
{Heap before GC invocations=524 (full 4):
 PSYoungGen      total 6144K, used 5380K [0x00000000d5580000, 0x00000000d6080000, 0x0000000100000000)
  eden space 4608K, 100% used [0x00000000d5580000,0x00000000d5a00000,0x00000000d5a00000)
  from space 1536K, 50% used [0x00000000d5d80000,0x00000000d5e41210,0x00000000d5f00000)
  to   space 1024K, 0% used [0x00000000d5f80000,0x00000000d5f80000,0x00000000d6080000)
 ParOldGen       total 556032K, used 555617K [0x0000000080000000, 0x00000000a1f00000, 0x00000000d5580000)
  object space 556032K, 99% used [0x0000000080000000,0x00000000a1e98448,0x00000000a1f00000)
 Metaspace       used 79199K, committed 80832K, reserved 1179648K
  class space    used 8152K, committed 8896K, reserved 1048576K
}
Event: 15728.092 GC heap after
{Heap after GC invocations=524 (full 4):
 PSYoungGen      total 5120K, used 512K [0x00000000d5580000, 0x00000000d6000000, 0x0000000100000000)
  eden space 4608K, 0% used [0x00000000d5580000,0x00000000d5580000,0x00000000d5a00000)
  from space 512K, 100% used [0x00000000d5f80000,0x00000000d6000000,0x00000000d6000000)
  to   space 1024K, 0% used [0x00000000d5e00000,0x00000000d5e00000,0x00000000d5f00000)
 ParOldGen       total 556544K, used 556293K [0x0000000080000000, 0x00000000a1f80000, 0x00000000d5580000)
  object space 556544K, 99% used [0x0000000080000000,0x00000000a1f41658,0x00000000a1f80000)
 Metaspace       used 79199K, committed 80832K, reserved 1179648K
  class space    used 8152K, committed 8896K, reserved 1048576K
}
Event: 15986.209 GC heap before
{Heap before GC invocations=525 (full 4):
 PSYoungGen      total 5120K, used 5119K [0x00000000d5580000, 0x00000000d6000000, 0x0000000100000000)
  eden space 4608K, 99% used [0x00000000d5580000,0x00000000d59fffe0,0x00000000d5a00000)
  from space 512K, 100% used [0x00000000d5f80000,0x00000000d6000000,0x00000000d6000000)
  to   space 1024K, 0% used [0x00000000d5e00000,0x00000000d5e00000,0x00000000d5f00000)
 ParOldGen       total 556544K, used 556293K [0x0000000080000000, 0x00000000a1f80000, 0x00000000d5580000)
  object space 556544K, 99% used [0x0000000080000000,0x00000000a1f41658,0x00000000a1f80000)
 Metaspace       used 79204K, committed 80832K, reserved 1179648K
  class space    used 8152K, committed 8896K, reserved 1048576K
}
Event: 15986.371 GC heap after
{Heap after GC invocations=525 (full 4):
 PSYoungGen      total 5632K, used 480K [0x00000000d5580000, 0x00000000d6000000, 0x0000000100000000)
  eden space 4608K, 0% used [0x00000000d5580000,0x00000000d5580000,0x00000000d5a00000)
  from space 1024K, 46% used [0x00000000d5e00000,0x00000000d5e78000,0x00000000d5f00000)
  to   space 512K, 0% used [0x00000000d5f80000,0x00000000d5f80000,0x00000000d6000000)
 ParOldGen       total 557056K, used 556669K [0x0000000080000000, 0x00000000a2000000, 0x00000000d5580000)
  object space 557056K, 99% used [0x0000000080000000,0x00000000a1f9f6b8,0x00000000a2000000)
 Metaspace       used 79204K, committed 80832K, reserved 1179648K
  class space    used 8152K, committed 8896K, reserved 1048576K
}

Dll operation events (12 events):
Event: 0.042 Loaded shared library c:\Users\fiskh\.kiro\extensions\redhat.java-1.54.0-win32-x64\jre\21.0.10-win32-x86_64\bin\java.dll
Event: 0.310 Loaded shared library c:\Users\fiskh\.kiro\extensions\redhat.java-1.54.0-win32-x64\jre\21.0.10-win32-x86_64\bin\zip.dll
Event: 0.352 Loaded shared library C:\Users\fiskh\.kiro\extensions\redhat.java-1.54.0-win32-x64\jre\21.0.10-win32-x86_64\bin\instrument.dll
Event: 0.589 Loaded shared library C:\Users\fiskh\.kiro\extensions\redhat.java-1.54.0-win32-x64\jre\21.0.10-win32-x86_64\bin\net.dll
Event: 0.707 Loaded shared library C:\Users\fiskh\.kiro\extensions\redhat.java-1.54.0-win32-x64\jre\21.0.10-win32-x86_64\bin\nio.dll
Event: 0.717 Loaded shared library C:\Users\fiskh\.kiro\extensions\redhat.java-1.54.0-win32-x64\jre\21.0.10-win32-x86_64\bin\zip.dll
Event: 0.802 Loaded shared library C:\Users\fiskh\.kiro\extensions\redhat.java-1.54.0-win32-x64\jre\21.0.10-win32-x86_64\bin\jimage.dll
Event: 1.187 Loaded shared library c:\Users\fiskh\.kiro\extensions\redhat.java-1.54.0-win32-x64\jre\21.0.10-win32-x86_64\bin\verify.dll
Event: 26.233 Loaded shared library C:\Users\fiskh\AppData\Roaming\Kiro\User\globalStorage\redhat.java\1.54.0\config_win\org.eclipse.equinox.launcher\org.eclipse.equinox.launcher.win32.win32.x86_64_1.3.0.v20260203-2149\eclipse_11919.dll
Event: 42.469 Loaded shared library C:\Users\fiskh\AppData\Local\Temp\jna-97441133\jna11288614241127348211.dll
Event: 802.756 Loaded shared library C:\Users\fiskh\.kiro\extensions\redhat.java-1.54.0-win32-x64\jre\21.0.10-win32-x86_64\bin\sunmscapi.dll
Event: 803.387 Loaded shared library C:\Users\fiskh\.kiro\extensions\redhat.java-1.54.0-win32-x64\jre\21.0.10-win32-x86_64\bin\extnet.dll

Deoptimization events (20 events):
Event: 15727.297 Thread 0x000001c6e92e4890 Uncommon trap: trap_request=0xffffffc6 fr.pc=0x000001c6d48badc0 relative=0x00000000000005c0
Event: 15727.297 Thread 0x000001c6e92e4890 Uncommon trap: reason=bimorphic_or_optimized_type_check action=maybe_recompile pc=0x000001c6d48badc0 method=java.util.HashMap.removeNode(ILjava/lang/Object;Ljava/lang/Object;ZZ)Ljava/util/HashMap$Node; @ 143 c2
Event: 15727.297 Thread 0x000001c6e92e4890 DEOPT PACKING pc=0x000001c6d48badc0 sp=0x000000a9dfffe7f0
Event: 15727.297 Thread 0x000001c6e92e4890 DEOPT UNPACKING pc=0x000001c6d3963aa2 sp=0x000000a9dfffe6f8 mode 2
Event: 15727.363 Thread 0x000001c6ea4b1f70 Uncommon trap: trap_request=0xffffffc6 fr.pc=0x000001c6d4cab750 relative=0x00000000000008d0
Event: 15727.363 Thread 0x000001c6ea4b1f70 Uncommon trap: reason=bimorphic_or_optimized_type_check action=maybe_recompile pc=0x000001c6d4cab750 method=org.eclipse.jdt.internal.compiler.parser.Parser.consumeRule(I)V @ 7068 c2
Event: 15727.363 Thread 0x000001c6ea4b1f70 DEOPT PACKING pc=0x000001c6d4cab750 sp=0x000000a9dc4fde30
Event: 15727.363 Thread 0x000001c6ea4b1f70 DEOPT UNPACKING pc=0x000001c6d3963aa2 sp=0x000000a9dc4fddb0 mode 2
Event: 15727.622 Thread 0x000001c6e92e4200 Uncommon trap: trap_request=0xffffff45 fr.pc=0x000001c6d426c194 relative=0x0000000000000d74
Event: 15727.622 Thread 0x000001c6e92e4200 Uncommon trap: reason=unstable_if action=reinterpret pc=0x000001c6d426c194 method=org.eclipse.core.internal.watson.ElementTree.getElementData(Lorg/eclipse/core/runtime/IPath;)Ljava/lang/Object; @ 21 c2
Event: 15727.622 Thread 0x000001c6e92e4200 DEOPT PACKING pc=0x000001c6d426c194 sp=0x000000a9dfefea40
Event: 15727.622 Thread 0x000001c6e92e4200 DEOPT UNPACKING pc=0x000001c6d3963aa2 sp=0x000000a9dfefe9a0 mode 2
Event: 15728.067 Thread 0x000001c6e6f63cc0 Uncommon trap: trap_request=0xffffff45 fr.pc=0x000001c6d4d46490 relative=0x00000000000022f0
Event: 15728.067 Thread 0x000001c6e6f63cc0 Uncommon trap: reason=unstable_if action=reinterpret pc=0x000001c6d4d46490 method=org.eclipse.jdt.internal.compiler.util.SimpleLookupTable.containsKey(Ljava/lang/Object;)Z @ 35 c2
Event: 15728.067 Thread 0x000001c6e6f63cc0 DEOPT PACKING pc=0x000001c6d4d46490 sp=0x000000a9deaff090
Event: 15728.067 Thread 0x000001c6e6f63cc0 DEOPT UNPACKING pc=0x000001c6d3963aa2 sp=0x000000a9deafefb8 mode 2
Event: 15728.067 Thread 0x000001c6e6f63cc0 Uncommon trap: trap_request=0xffffff45 fr.pc=0x000001c6d4c72260 relative=0x00000000000004c0
Event: 15728.067 Thread 0x000001c6e6f63cc0 Uncommon trap: reason=unstable_if action=reinterpret pc=0x000001c6d4c72260 method=org.eclipse.jdt.internal.compiler.util.SimpleLookupTable.containsKey(Ljava/lang/Object;)Z @ 35 c2
Event: 15728.067 Thread 0x000001c6e6f63cc0 DEOPT PACKING pc=0x000001c6d4c72260 sp=0x000000a9deaff010
Event: 15728.067 Thread 0x000001c6e6f63cc0 DEOPT UNPACKING pc=0x000001c6d3963aa2 sp=0x000000a9deafefb0 mode 2

Classes loaded (20 events):
Event: 835.030 Loading class jdk/internal/module/IllegalAccessLogger
Event: 835.030 Loading class jdk/internal/module/IllegalAccessLogger done
Event: 939.447 Loading class java/nio/file/Path$1
Event: 939.451 Loading class java/nio/file/Path$1 done
Event: 939.856 Loading class jdk/internal/module/IllegalAccessLogger
Event: 939.856 Loading class jdk/internal/module/IllegalAccessLogger done
Event: 944.265 Loading class sun/security/ssl/Alert
Event: 944.280 Loading class sun/security/ssl/Alert done
Event: 944.295 Loading class sun/security/ssl/Alert$AlertConsumer
Event: 944.300 Loading class sun/security/ssl/Alert$AlertConsumer done
Event: 944.300 Loading class sun/security/ssl/Alert$Level
Event: 944.304 Loading class sun/security/ssl/Alert$Level done
Event: 15686.744 Loading class jdk/internal/module/IllegalAccessLogger
Event: 15686.746 Loading class jdk/internal/module/IllegalAccessLogger done
Event: 15697.453 Loading class jdk/internal/module/IllegalAccessLogger
Event: 15697.453 Loading class jdk/internal/module/IllegalAccessLogger done
Event: 15715.333 Loading class jdk/internal/module/IllegalAccessLogger
Event: 15715.333 Loading class jdk/internal/module/IllegalAccessLogger done
Event: 15727.590 Loading class jdk/internal/module/IllegalAccessLogger
Event: 15727.590 Loading class jdk/internal/module/IllegalAccessLogger done

Classes unloaded (20 events):
Event: 942.277 Thread 0x000001c6c9283ac0 Unloading class 0x000001c681719dd0 'org/codehaus/plexus/interpolation/ValueSource'
Event: 942.277 Thread 0x000001c6c9283ac0 Unloading class 0x000001c68171a538 'org/apache/maven/shared/filtering/MavenResourcesExecution'
Event: 942.277 Thread 0x000001c6c9283ac0 Unloading class 0x000001c68171a260 'org/apache/maven/shared/filtering/AbstractMavenFilteringRequest'
Event: 942.277 Thread 0x000001c6c9283ac0 Unloading class 0x000001c68171a000 'org/apache/maven/shared/filtering/MavenFilteringException'
Event: 942.278 Thread 0x000001c6c9283ac0 Unloading class 0x000001c681719b80 'org/apache/maven/shared/filtering/DefaultMavenResourcesFiltering'
Event: 942.278 Thread 0x000001c6c9283ac0 Unloading class 0x000001c681719980 'org/apache/maven/shared/filtering/MavenResourcesFiltering'
Event: 942.278 Thread 0x000001c6c9283ac0 Unloading class 0x000001c6817196f0 'org/apache/maven/shared/filtering/DefaultMavenReaderFilter'
Event: 942.278 Thread 0x000001c6c9283ac0 Unloading class 0x000001c6817194f0 'org/apache/maven/shared/filtering/MavenReaderFilter'
Event: 942.278 Thread 0x000001c6c9283ac0 Unloading class 0x000001c681719250 'org/apache/maven/shared/filtering/DefaultMavenFileFilter'
Event: 942.278 Thread 0x000001c6c9283ac0 Unloading class 0x000001c681719000 'org/apache/maven/shared/filtering/BaseFilter'
Event: 942.278 Thread 0x000001c6c9283ac0 Unloading class 0x000001c681718db8 'org/apache/maven/shared/filtering/MavenFileFilter'
Event: 942.278 Thread 0x000001c6c9283ac0 Unloading class 0x000001c681718bb8 'org/apache/maven/shared/filtering/DefaultFilterInfo'
Event: 942.278 Thread 0x000001c6c9283ac0 Unloading class 0x000001c6817188a8 'org/apache/maven/plugins/resources/TestResourcesMojo'
Event: 942.278 Thread 0x000001c6c9283ac0 Unloading class 0x000001c681718620 'org/apache/maven/plugins/maven_resources_plugin/HelpMojo'
Event: 942.278 Thread 0x000001c6c9283ac0 Unloading class 0x000001c681718310 'org/apache/maven/plugins/resources/CopyResourcesMojo'
Event: 942.278 Thread 0x000001c6c9283ac0 Unloading class 0x000001c681718000 'org/apache/maven/plugins/resources/ResourcesMojo'
Event: 942.278 Thread 0x000001c6c9283ac0 Unloading class 0x000001c6816f1800 'java/lang/invoke/LambdaForm$DMH+0x000001c6816f1800'
Event: 942.278 Thread 0x000001c6c9283ac0 Unloading class 0x000001c6816f0c00 'java/lang/invoke/LambdaForm$DMH+0x000001c6816f0c00'
Event: 942.278 Thread 0x000001c6c9283ac0 Unloading class 0x000001c6816f1400 'java/lang/invoke/LambdaForm$DMH+0x000001c6816f1400'
Event: 942.278 Thread 0x000001c6c9283ac0 Unloading class 0x000001c6816f1000 'java/lang/invoke/LambdaForm$DMH+0x000001c6816f1000'

Classes redefined (0 events):
No events

Internal exceptions (20 events):
Event: 946.382 Thread 0x000001c6ea4b1250 Exception <a 'sun/nio/fs/WindowsException'{0x00000000d56c63d8}> (0x00000000d56c63d8) 
thrown [s\src\hotspot\share\prims\jni.cpp, line 520]
Event: 1098.996 Thread 0x000001c6e7e8fab0 Exception <a 'sun/nio/fs/WindowsException'{0x00000000d55cacb0}> (0x00000000d55cacb0) 
thrown [s\src\hotspot\share\prims\jni.cpp, line 520]
Event: 1098.998 Thread 0x000001c6e7e8fab0 Exception <a 'sun/nio/fs/WindowsException'{0x00000000d55cb590}> (0x00000000d55cb590) 
thrown [s\src\hotspot\share\prims\jni.cpp, line 520]
Event: 15678.186 Thread 0x000001c6e6f63630 Implicit null exception at 0x000001c6d49e9d68 to 0x000001c6d49ea464
Event: 15678.264 Thread 0x000001c6e6f63630 Implicit null exception at 0x000001c6d48bb4a0 to 0x000001c6d48bb6c0
Event: 15685.838 Thread 0x000001c6e6f63cc0 Exception <a 'sun/nio/fs/WindowsException'{0x00000000d558aff8}> (0x00000000d558aff8) 
thrown [s\src\hotspot\share\prims\jni.cpp, line 520]
Event: 15686.480 Thread 0x000001c6e6f63cc0 Exception <a 'sun/nio/fs/WindowsException'{0x00000000d5713300}> (0x00000000d5713300) 
thrown [s\src\hotspot\share\prims\jni.cpp, line 520]
Event: 15697.195 Thread 0x000001c6e6f63cc0 Exception <a 'sun/nio/fs/WindowsException'{0x00000000d55f8150}> (0x00000000d55f8150) 
thrown [s\src\hotspot\share\prims\jni.cpp, line 520]
Event: 15697.979 Thread 0x000001c6e6f63cc0 Exception <a 'sun/nio/fs/WindowsException'{0x00000000d55a5ca8}> (0x00000000d55a5ca8) 
thrown [s\src\hotspot\share\prims\jni.cpp, line 520]
Event: 15714.931 Thread 0x000001c6e6f63cc0 Exception <a 'sun/nio/fs/WindowsException'{0x00000000d56e8140}> (0x00000000d56e8140) 
thrown [s\src\hotspot\share\prims\jni.cpp, line 520]
Event: 15715.577 Thread 0x000001c6e6f63cc0 Exception <a 'sun/nio/fs/WindowsException'{0x00000000d55a2688}> (0x00000000d55a2688) 
thrown [s\src\hotspot\share\prims\jni.cpp, line 520]
Event: 15727.478 Thread 0x000001c6e6f63cc0 Exception <a 'sun/nio/fs/WindowsException'{0x00000000d5580750}> (0x00000000d5580750) 
thrown [s\src\hotspot\share\prims\jni.cpp, line 520]
Event: 15727.622 Thread 0x000001c6e92e4200 Implicit null exception at 0x000001c6d426b967 to 0x000001c6d426c170
Event: 15728.039 Thread 0x000001c6e6f63cc0 Exception <a 'sun/nio/fs/WindowsException'{0x00000000d56b7930}> (0x00000000d56b7930) 
thrown [s\src\hotspot\share\prims\jni.cpp, line 520]
Event: 15986.181 Thread 0x000001c6ea4b3320 Exception <a 'sun/nio/fs/WindowsException'{0x00000000d59f1960}> (0x00000000d59f1960) 
thrown [s\src\hotspot\share\prims\jni.cpp, line 520]
Event: 15986.187 Thread 0x000001c6ea4b3320 Exception <a 'sun/nio/fs/WindowsException'{0x00000000d59f2488}> (0x00000000d59f2488) 
thrown [s\src\hotspot\share\prims\jni.cpp, line 520]
Event: 15986.755 Thread 0x000001c6ea4b3320 Exception <a 'sun/nio/fs/WindowsException'{0x00000000d55d7f70}> (0x00000000d55d7f70) 
thrown [s\src\hotspot\share\prims\jni.cpp, line 520]
Event: 15986.757 Thread 0x000001c6ea4b3320 Exception <a 'sun/nio/fs/WindowsException'{0x00000000d55d8918}> (0x00000000d55d8918) 
thrown [s\src\hotspot\share\prims\jni.cpp, line 520]
Event: 16287.427 Thread 0x000001c6ea4b3320 Exception <a 'sun/nio/fs/WindowsException'{0x00000000d5843258}> (0x00000000d5843258) 
thrown [s\src\hotspot\share\prims\jni.cpp, line 520]
Event: 16287.431 Thread 0x000001c6ea4b3320 Exception <a 'sun/nio/fs/WindowsException'{0x00000000d5843d80}> (0x00000000d5843d80) 
thrown [s\src\hotspot\share\prims\jni.cpp, line 520]

ZGC Phase Switch (0 events):
No events

VM Operations (20 events):
Event: 24297.196 Executing non-safepoint VM operation: HandshakeAllThreads (HandshakeForDeflation)
Event: 24297.197 Executing non-safepoint VM operation: HandshakeAllThreads (HandshakeForDeflation) done
Event: 24297.197 Executing non-safepoint VM operation: RendezvousGCThreads
Event: 24297.197 Executing non-safepoint VM operation: RendezvousGCThreads done
Event: 25138.966 Executing non-safepoint VM operation: HandshakeAllThreads (HandshakeForDeflation)
Event: 25138.968 Executing non-safepoint VM operation: HandshakeAllThreads (HandshakeForDeflation) done
Event: 25138.968 Executing non-safepoint VM operation: RendezvousGCThreads
Event: 25138.968 Executing non-safepoint VM operation: RendezvousGCThreads done
Event: 25199.095 Executing non-safepoint VM operation: HandshakeAllThreads (HandshakeForDeflation)
Event: 25199.095 Executing non-safepoint VM operation: HandshakeAllThreads (HandshakeForDeflation) done
Event: 25199.095 Executing non-safepoint VM operation: RendezvousGCThreads
Event: 25199.095 Executing non-safepoint VM operation: RendezvousGCThreads done
Event: 25259.237 Executing non-safepoint VM operation: HandshakeAllThreads (HandshakeForDeflation)
Event: 25259.237 Executing non-safepoint VM operation: HandshakeAllThreads (HandshakeForDeflation) done
Event: 25259.238 Executing non-safepoint VM operation: RendezvousGCThreads
Event: 25259.238 Executing non-safepoint VM operation: RendezvousGCThreads done
Event: 101281.369 Executing non-safepoint VM operation: HandshakeAllThreads (HandshakeForDeflation)
Event: 101281.389 Executing non-safepoint VM operation: HandshakeAllThreads (HandshakeForDeflation) done
Event: 101281.392 Executing non-safepoint VM operation: RendezvousGCThreads
Event: 101281.392 Executing non-safepoint VM operation: RendezvousGCThreads done

Memory protections (0 events):
No events

Nmethod flushes (20 events):
Event: 943.118 Thread 0x000001c6c9283ac0 flushing  nmethod 0x000001c6cd52a810
Event: 943.118 Thread 0x000001c6c9283ac0 flushing  nmethod 0x000001c6cd556010
Event: 943.118 Thread 0x000001c6c9283ac0 flushing  nmethod 0x000001c6cd561d90
Event: 943.118 Thread 0x000001c6c9283ac0 flushing  nmethod 0x000001c6cd56e810
Event: 943.118 Thread 0x000001c6c9283ac0 flushing  nmethod 0x000001c6cd570e10
Event: 943.119 Thread 0x000001c6c9283ac0 flushing  nmethod 0x000001c6cd573c90
Event: 943.119 Thread 0x000001c6c9283ac0 flushing  nmethod 0x000001c6cd599c10
Event: 943.119 Thread 0x000001c6c9283ac0 flushing  nmethod 0x000001c6cd5b8c10
Event: 943.119 Thread 0x000001c6c9283ac0 flushing  nmethod 0x000001c6cd5df110
Event: 943.120 Thread 0x000001c6c9283ac0 flushing  nmethod 0x000001c6cd66b190
Event: 943.121 Thread 0x000001c6c9283ac0 flushing  nmethod 0x000001c6cdc68b10
Event: 943.121 Thread 0x000001c6c9283ac0 flushing  nmethod 0x000001c6cdc6ae10
Event: 943.121 Thread 0x000001c6c9283ac0 flushing  nmethod 0x000001c6cdc73990
Event: 943.121 Thread 0x000001c6c9283ac0 flushing  nmethod 0x000001c6cdc75910
Event: 943.121 Thread 0x000001c6c9283ac0 flushing  nmethod 0x000001c6ce6f0f10
Event: 943.121 Thread 0x000001c6c9283ac0 flushing  nmethod 0x000001c6ce6f1310
Event: 943.121 Thread 0x000001c6c9283ac0 flushing  nmethod 0x000001c6ce6f4810
Event: 943.121 Thread 0x000001c6c9283ac0 flushing  nmethod 0x000001c6ce6f4d10
Event: 943.121 Thread 0x000001c6c9283ac0 flushing  nmethod 0x000001c6ce6f5090
Event: 943.121 Thread 0x000001c6c9283ac0 flushing  nmethod 0x000001c6ce734490

Events (20 events):
Event: 15788.750 Thread 0x000001c6ea4b1f70 Thread exited: 0x000001c6ea4b1f70
Event: 15788.750 Thread 0x000001c6ea4b2c90 Thread exited: 0x000001c6ea4b2c90
Event: 15848.596 Thread 0x000001c6ea4b18e0 Thread exited: 0x000001c6ea4b18e0
Event: 15848.610 Thread 0x000001c6e7e8fab0 Thread exited: 0x000001c6e7e8fab0
Event: 15986.103 Thread 0x000001c6ea4b3320 Thread added: 0x000001c6ea4b4040
Event: 15986.118 Thread 0x000001c6ea4b4040 Thread exited: 0x000001c6ea4b4040
Event: 15986.201 Thread 0x000001c6ea4b3320 Thread added: 0x000001c6ea4b18e0
Event: 15986.203 Thread 0x000001c6ea4b18e0 Thread exited: 0x000001c6ea4b18e0
Event: 15986.479 Thread 0x000001c6ea4b2600 Thread exited: 0x000001c6ea4b2600
Event: 15997.351 Thread 0x000001c6ea4b1250 Thread exited: 0x000001c6ea4b1250
Event: 15997.472 Thread 0x000001c6ea4b0530 Thread exited: 0x000001c6ea4b0530
Event: 15997.486 Thread 0x000001c6ea4afea0 Thread exited: 0x000001c6ea4afea0
Event: 16015.169 Thread 0x000001c6ea4b39b0 Thread exited: 0x000001c6ea4b39b0
Event: 16027.484 Thread 0x000001c6ea4b67a0 Thread exited: 0x000001c6ea4b67a0
Event: 16079.492 Thread 0x000001c6ea4b3320 Thread added: 0x000001c6ea4b1250
Event: 16079.501 Thread 0x000001c6e6f63630 Thread exited: 0x000001c6e6f63630
Event: 16287.362 Thread 0x000001c6ea4b3320 Thread added: 0x000001c6ea4b1f70
Event: 16287.375 Thread 0x000001c6ea4b1f70 Thread exited: 0x000001c6ea4b1f70
Event: 16287.444 Thread 0x000001c6ea4b3320 Thread added: 0x000001c6ea4b18e0
Event: 16287.448 Thread 0x000001c6ea4b18e0 Thread exited: 0x000001c6ea4b18e0


Dynamic libraries:
0x00007ff61eb50000 - 0x00007ff61eb5e000 	c:\Users\fiskh\.kiro\extensions\redhat.java-1.54.0-win32-x64\jre\21.0.10-win32-x86_64\bin\java.exe
0x00007ffc15700000 - 0x00007ffc15968000 	C:\WINDOWS\SYSTEM32\ntdll.dll
0x00007ffc14790000 - 0x00007ffc14859000 	C:\WINDOWS\System32\KERNEL32.DLL
0x00007ffc12850000 - 0x00007ffc12c48000 	C:\WINDOWS\System32\KERNELBASE.dll
0x00007ffc0f880000 - 0x00007ffc0f91f000 	C:\WINDOWS\SYSTEM32\apphelp.dll
0x00007ffc12f00000 - 0x00007ffc1304b000 	C:\WINDOWS\System32\ucrtbase.dll
0x00007ffbfb060000 - 0x00007ffbfb078000 	c:\Users\fiskh\.kiro\extensions\redhat.java-1.54.0-win32-x64\jre\21.0.10-win32-x86_64\bin\jli.dll
0x00007ffc13d80000 - 0x00007ffc13f47000 	C:\WINDOWS\System32\USER32.dll
0x00007ffc13050000 - 0x00007ffc13077000 	C:\WINDOWS\System32\win32u.dll
0x00007ffc15530000 - 0x00007ffc1555b000 	C:\WINDOWS\System32\GDI32.dll
0x00007ffc12c50000 - 0x00007ffc12d7c000 	C:\WINDOWS\System32\gdi32full.dll
0x00007ffc13080000 - 0x00007ffc13123000 	C:\WINDOWS\System32\msvcp_win.dll
0x00007ffbda590000 - 0x00007ffbda5ae000 	c:\Users\fiskh\.kiro\extensions\redhat.java-1.54.0-win32-x64\jre\21.0.10-win32-x86_64\bin\VCRUNTIME140.dll
0x00007ffbf8180000 - 0x00007ffbf8414000 	C:\WINDOWS\WinSxS\amd64_microsoft.windows.common-controls_6595b64144ccf1df_6.0.26100.7019_none_3e06ffa0e335b8a8\COMCTL32.dll
0x00007ffc15610000 - 0x00007ffc156b9000 	C:\WINDOWS\System32\msvcrt.dll
0x00007ffc154f0000 - 0x00007ffc15521000 	C:\WINDOWS\System32\IMM32.DLL
0x00007ffc0d860000 - 0x00007ffc0d86c000 	c:\Users\fiskh\.kiro\extensions\redhat.java-1.54.0-win32-x64\jre\21.0.10-win32-x86_64\bin\vcruntime140_1.dll
0x00007ffbd4bb0000 - 0x00007ffbd4c3d000 	c:\Users\fiskh\.kiro\extensions\redhat.java-1.54.0-win32-x64\jre\21.0.10-win32-x86_64\bin\msvcp140.dll
0x00007ffb01f00000 - 0x00007ffb02ca1000 	c:\Users\fiskh\.kiro\extensions\redhat.java-1.54.0-win32-x64\jre\21.0.10-win32-x86_64\bin\server\jvm.dll
0x00007ffc14bf0000 - 0x00007ffc14ca4000 	C:\WINDOWS\System32\ADVAPI32.dll
0x00007ffc14a10000 - 0x00007ffc14ab6000 	C:\WINDOWS\System32\sechost.dll
0x00007ffc13c60000 - 0x00007ffc13d78000 	C:\WINDOWS\System32\RPCRT4.dll
0x00007ffc14860000 - 0x00007ffc148d4000 	C:\WINDOWS\System32\WS2_32.dll
0x00007ffc126b0000 - 0x00007ffc1270e000 	C:\WINDOWS\SYSTEM32\POWRPROF.dll
0x00007ffc0b4f0000 - 0x00007ffc0b525000 	C:\WINDOWS\SYSTEM32\WINMM.dll
0x00007ffc0b530000 - 0x00007ffc0b53b000 	C:\WINDOWS\SYSTEM32\VERSION.dll
0x00007ffc12690000 - 0x00007ffc126a4000 	C:\WINDOWS\SYSTEM32\UMPDC.dll
0x00007ffc11610000 - 0x00007ffc1162b000 	C:\WINDOWS\SYSTEM32\kernel.appcore.dll
0x00007ffc084b0000 - 0x00007ffc084ba000 	c:\Users\fiskh\.kiro\extensions\redhat.java-1.54.0-win32-x64\jre\21.0.10-win32-x86_64\bin\jimage.dll
0x00007ffc05e70000 - 0x00007ffc060b2000 	C:\WINDOWS\SYSTEM32\DBGHELP.DLL
0x00007ffc13830000 - 0x00007ffc13bbb000 	C:\WINDOWS\System32\combase.dll
0x00007ffc146b0000 - 0x00007ffc14787000 	C:\WINDOWS\System32\OLEAUT32.dll
0x00007ffbf6b40000 - 0x00007ffbf6b7c000 	C:\WINDOWS\SYSTEM32\dbgcore.DLL
0x00007ffc132a0000 - 0x00007ffc13345000 	C:\WINDOWS\System32\bcryptPrimitives.dll
0x00007ffbfc080000 - 0x00007ffbfc08f000 	c:\Users\fiskh\.kiro\extensions\redhat.java-1.54.0-win32-x64\jre\21.0.10-win32-x86_64\bin\instrument.dll
0x00007ffbd65d0000 - 0x00007ffbd65f0000 	c:\Users\fiskh\.kiro\extensions\redhat.java-1.54.0-win32-x64\jre\21.0.10-win32-x86_64\bin\java.dll
0x00007ffc13f50000 - 0x00007ffc1469f000 	C:\WINDOWS\System32\SHELL32.dll
0x00007ffc13130000 - 0x00007ffc1329b000 	C:\WINDOWS\System32\wintypes.dll
0x00007ffc10470000 - 0x00007ffc10ccd000 	C:\WINDOWS\SYSTEM32\windows.storage.dll
0x00007ffc14e60000 - 0x00007ffc14f52000 	C:\WINDOWS\System32\SHCORE.dll
0x00007ffc149a0000 - 0x00007ffc14a07000 	C:\WINDOWS\System32\shlwapi.dll
0x00007ffc12770000 - 0x00007ffc12799000 	C:\WINDOWS\SYSTEM32\profapi.dll
0x00007ffbef990000 - 0x00007ffbef9a8000 	c:\Users\fiskh\.kiro\extensions\redhat.java-1.54.0-win32-x64\jre\21.0.10-win32-x86_64\bin\zip.dll
0x00007ffbe5980000 - 0x00007ffbe5990000 	C:\Users\fiskh\.kiro\extensions\redhat.java-1.54.0-win32-x64\jre\21.0.10-win32-x86_64\bin\net.dll
0x00007ffc0b0e0000 - 0x00007ffc0b208000 	C:\WINDOWS\SYSTEM32\WINHTTP.dll
0x00007ffc11b80000 - 0x00007ffc11beb000 	C:\WINDOWS\system32\mswsock.dll
0x00007ffbd4ad0000 - 0x00007ffbd4ae6000 	C:\Users\fiskh\.kiro\extensions\redhat.java-1.54.0-win32-x64\jre\21.0.10-win32-x86_64\bin\nio.dll
0x00007ffbd9640000 - 0x00007ffbd9650000 	c:\Users\fiskh\.kiro\extensions\redhat.java-1.54.0-win32-x64\jre\21.0.10-win32-x86_64\bin\verify.dll
0x00007ffbd5ae0000 - 0x00007ffbd5b25000 	C:\Users\fiskh\AppData\Roaming\Kiro\User\globalStorage\redhat.java\1.54.0\config_win\org.eclipse.equinox.launcher\org.eclipse.equinox.launcher.win32.win32.x86_64_1.3.0.v20260203-2149\eclipse_11919.dll
0x00007ffc14cc0000 - 0x00007ffc14e57000 	C:\WINDOWS\System32\ole32.dll
0x00007ffc11e40000 - 0x00007ffc11e5b000 	C:\WINDOWS\SYSTEM32\CRYPTSP.dll
0x00007ffc11570000 - 0x00007ffc115aa000 	C:\WINDOWS\system32\rsaenh.dll
0x00007ffc11c30000 - 0x00007ffc11c5b000 	C:\WINDOWS\SYSTEM32\USERENV.dll
0x00007ffc12740000 - 0x00007ffc1276a000 	C:\WINDOWS\SYSTEM32\bcrypt.dll
0x00007ffc11e60000 - 0x00007ffc11e6c000 	C:\WINDOWS\SYSTEM32\CRYPTBASE.dll
0x00007ffc10fc0000 - 0x00007ffc10ff4000 	C:\WINDOWS\SYSTEM32\IPHLPAPI.DLL
0x00007ffc13c40000 - 0x00007ffc13c4a000 	C:\WINDOWS\System32\NSI.dll
0x00007ffbd4b60000 - 0x00007ffbd4ba9000 	C:\Users\fiskh\AppData\Local\Temp\jna-97441133\jna11288614241127348211.dll
0x00007ffc14cb0000 - 0x00007ffc14cb8000 	C:\WINDOWS\System32\PSAPI.DLL
0x00007ffc0cf80000 - 0x00007ffc0cf9e000 	C:\WINDOWS\SYSTEM32\dhcpcsvc6.DLL
0x00007ffc0cee0000 - 0x00007ffc0cf03000 	C:\WINDOWS\SYSTEM32\dhcpcsvc.DLL
0x00007ffc11730000 - 0x00007ffc11766000 	C:\WINDOWS\SYSTEM32\ntmarta.dll
0x00007ffc0d980000 - 0x00007ffc0d98e000 	C:\Users\fiskh\.kiro\extensions\redhat.java-1.54.0-win32-x64\jre\21.0.10-win32-x86_64\bin\sunmscapi.dll
0x00007ffc12d80000 - 0x00007ffc12ef7000 	C:\WINDOWS\System32\CRYPT32.dll
0x00007ffc12060000 - 0x00007ffc12090000 	C:\WINDOWS\SYSTEM32\ncrypt.dll
0x00007ffc12010000 - 0x00007ffc1204f000 	C:\WINDOWS\SYSTEM32\NTASN1.dll
0x00007ffc11000000 - 0x00007ffc1112c000 	C:\WINDOWS\SYSTEM32\DNSAPI.dll
0x00007ffc0b260000 - 0x00007ffc0b26b000 	C:\Windows\System32\rasadhlp.dll
0x00007ffc0d070000 - 0x00007ffc0d0f6000 	C:\WINDOWS\System32\fwpuclnt.dll
0x00007ffc0d880000 - 0x00007ffc0d889000 	C:\Users\fiskh\.kiro\extensions\redhat.java-1.54.0-win32-x64\jre\21.0.10-win32-x86_64\bin\extnet.dll

JVMTI agents:
c:\Users\fiskh\.kiro\extensions\redhat.java-1.54.0-win32-x64\lombok\lombok-1.18.39-4050.jar path:c:\Users\fiskh\.kiro\extensions\redhat.java-1.54.0-win32-x64\jre\21.0.10-win32-x86_64\bin\instrument.dll, loaded, initialized, instrumentlib options:none

dbghelp: loaded successfully - version: 4.0.5 - missing functions: none
symbol engine: initialized successfully - sym options: 0x614 - pdb path: .;c:\Users\fiskh\.kiro\extensions\redhat.java-1.54.0-win32-x64\jre\21.0.10-win32-x86_64\bin;C:\WINDOWS\SYSTEM32;C:\WINDOWS\WinSxS\amd64_microsoft.windows.common-controls_6595b64144ccf1df_6.0.26100.7019_none_3e06ffa0e335b8a8;c:\Users\fiskh\.kiro\extensions\redhat.java-1.54.0-win32-x64\jre\21.0.10-win32-x86_64\bin\server;C:\Users\fiskh\AppData\Roaming\Kiro\User\globalStorage\redhat.java\1.54.0\config_win\org.eclipse.equinox.launcher\org.eclipse.equinox.launcher.win32.win32.x86_64_1.3.0.v20260203-2149;C:\Users\fiskh\AppData\Local\Temp\jna-97441133

VM Arguments:
jvm_args: --add-modules=ALL-SYSTEM --add-opens=java.base/java.util=ALL-UNNAMED --add-opens=java.base/java.lang=ALL-UNNAMED --add-opens=java.base/sun.nio.fs=ALL-UNNAMED -Declipse.application=org.eclipse.jdt.ls.core.id1 -Dosgi.bundles.defaultStartLevel=4 -Declipse.product=org.eclipse.jdt.ls.core.product -Djava.import.generatesMetadataFilesAtProjectRoot=false -DDetectVMInstallationsJob.disabled=true -Dfile.encoding=utf8 -XX:+UseParallelGC -XX:GCTimeRatio=4 -XX:AdaptiveSizePolicyWeight=90 -Dsun.zip.disableMemoryMapping=true -Xmx2G -Xms100m -Xlog:disable -javaagent:c:\Users\fiskh\.kiro\extensions\redhat.java-1.54.0-win32-x64\lombok\lombok-1.18.39-4050.jar -XX:+HeapDumpOnOutOfMemoryError -XX:HeapDumpPath=c:\Users\fiskh\AppData\Roaming\Kiro\User\workspaceStorage\3bf4346b1afba7522545706164a46355\redhat.java -Daether.dependencyCollector.impl=bf 
java_command: c:\Users\fiskh\.kiro\extensions\redhat.java-1.54.0-win32-x64\server\plugins\org.eclipse.equinox.launcher_1.7.100.v20251111-0406.jar -configuration c:\Users\fiskh\AppData\Roaming\Kiro\User\globalStorage\redhat.java\1.54.0\config_win -data c:\Users\fiskh\AppData\Roaming\Kiro\User\workspaceStorage\3bf4346b1afba7522545706164a46355\redhat.java\jdt_ws --pipe=\\.\pipe\lsp-fc1306c830597a3729be1d0ecef8452f-sock
java_class_path (initial): c:\Users\fiskh\.kiro\extensions\redhat.java-1.54.0-win32-x64\server\plugins\org.eclipse.equinox.launcher_1.7.100.v20251111-0406.jar
Launcher Type: SUN_STANDARD

[Global flags]
    uintx AdaptiveSizePolicyWeight                 = 90                                        {product} {command line}
     intx CICompilerCount                          = 4                                         {product} {ergonomic}
    uintx GCTimeRatio                              = 4                                         {product} {command line}
     bool HeapDumpOnOutOfMemoryError               = true                                   {manageable} {command line}
    ccstr HeapDumpPath                             = c:\Users\fiskh\AppData\Roaming\Kiro\User\workspaceStorage\3bf4346b1afba7522545706164a46355\redhat.java         {manageable} {command line}
   size_t InitialHeapSize                          = 104857600                                 {product} {command line}
   size_t MaxHeapSize                              = 2147483648                                {product} {command line}
   size_t MaxNewSize                               = 715653120                                 {product} {ergonomic}
   size_t MinHeapDeltaBytes                        = 524288                                    {product} {ergonomic}
   size_t MinHeapSize                              = 104857600                                 {product} {command line}
   size_t NewSize                                  = 34603008                                  {product} {ergonomic}
    uintx NonNMethodCodeHeapSize                   = 5839372                                {pd product} {ergonomic}
    uintx NonProfiledCodeHeapSize                  = 122909434                              {pd product} {ergonomic}
   size_t OldSize                                  = 70254592                                  {product} {ergonomic}
    uintx ProfiledCodeHeapSize                     = 122909434                              {pd product} {ergonomic}
    uintx ReservedCodeCacheSize                    = 251658240                              {pd product} {ergonomic}
     bool SegmentedCodeCache                       = true                                      {product} {ergonomic}
   size_t SoftMaxHeapSize                          = 2147483648                             {manageable} {ergonomic}
     bool UseCompressedOops                        = true                           {product lp64_product} {ergonomic}
     bool UseLargePagesIndividualAllocation        = false                                  {pd product} {ergonomic}
     bool UseParallelGC                            = true                                      {product} {command line}

Logging:
Log output configuration:
 #0: stdout all=off uptime,level,tags foldmultilines=false
 #1: stderr all=off uptime,level,tags foldmultilines=false

Release file:
JAVA_VERSION="21.0.10" 
MODULES="java.base java.compiler java.datatransfer java.xml java.prefs java.desktop java.instrument java.logging java.management java.security.sasl java.naming java.rmi java.management.rmi java.net.http java.scripting java.security.jgss java.transaction.xa java.sql java.sql.rowset java.xml.crypto java.se java.smartcardio jdk.accessibility jdk.internal.jvmstat jdk.attach jdk.charsets jdk.internal.opt jdk.zipfs jdk.compiler jdk.crypto.ec jdk.crypto.cryptoki jdk.crypto.mscapi jdk.dynalink jdk.internal.ed jdk.editpad jdk.hotspot.agent jdk.httpserver jdk.internal.le jdk.internal.vm.ci jdk.internal.vm.compiler jdk.internal.vm.compiler.management jdk.jartool jdk.javadoc jdk.jcmd jdk.management jdk.management.agent jdk.jconsole jdk.jdeps jdk.jdwp.agent jdk.jdi jdk.jfr jdk.jshell jdk.jsobject jdk.jstatd jdk.localedata jdk.management.jfr jdk.naming.dns jdk.naming.rmi jdk.net jdk.nio.mapmode jdk.random jdk.sctp jdk.security.auth jdk.security.jgss jdk.unsupported jdk.unsupported.desktop jdk.xml.dom" 

Environment Variables:
JAVA_HOME=C:\Program Files\Java\jdk-17
PATH=C:\Program Files\Common Files\Oracle\Java\javapath;C:\Users\fiskh\AppData\Local\Microsoft\WindowsApps;C:\Users\fiskh\AppData\Local\JetBrains\Toolbox\scripts;C:\Users\fiskh\Downloads\apache-maven-3.9.5\bin;C:\Program Files\Java\jdk-11;C:\Program Files\nodejs\;C:\WINDOWS\system32;C:\WINDOWS;C:\WINDOWS\System32\Wbem;C:\WINDOWS\System32\WindowsPowerShell\v1.0\;C:\WINDOWS\System32\OpenSSH\;C:\Program Files\Git\cmd;C:\Program Files\Docker\Docker\resources\bin;C:\Users\fiskh\AppData\Local\Programs\Python\Python312\Scripts\;C:\Users\fiskh\AppData\Local\Programs\Python\Python312\;C:\Users\fiskh\AppData\Local\Programs\Python\Python313\Scripts\;C:\Users\fiskh\AppData\Local\Programs\Python\Python313\;C:\Program Files\MySQL\MySQL Server 8.0\bin;C:\Users\fiskh\AppData\Local\Microsoft\WindowsApps;C:\Users\fiskh\AppData\Local\JetBrains\Toolbox\scripts;C:\Users\fiskh\Downloads\apache-maven-3.9.5\bin;C:\Program Files\Java\jdk-11;C:\Program Files\Java\jdk-11\bin;C:\Users\fiskh\sqlite-tools-win-x64-3440200;C:\Users\fiskh\AppData\Local\Programs\Microsoft VS Code\bin;C:\Program Files\JetBrains\PyCharm 2024.2.4\bin;;C:\Users\fiskh\AppData\Roaming\npm;C:\Users\fiskh\AppData\Local\GitHubDesktop\bin;C:\Users\fiskh\AppData\Local\Microsoft\WindowsApps;C:\Program Files (x86)\Brackets\;C:\Program Files\PostgreSQL\18\bin;C:\Users\fiskh\AppData\Local\Programs\Kiro\bin
USERNAME=fiskh
OS=Windows_NT
PROCESSOR_IDENTIFIER=AMD64 Family 23 Model 104 Stepping 1, AuthenticAMD
TMP=C:\Users\fiskh\AppData\Local\Temp
TEMP=C:\Users\fiskh\AppData\Local\Temp




Periodic native trim disabled

---------------  S Y S T E M  ---------------

OS:
 Windows 11 , 64 bit Build 26100 (10.0.26100.7019)
OS uptime: 1 days 4:21 hours
Hyper-V role detected

CPU: total 12 (initial active 12) (12 cores per cpu, 2 threads per core) family 23 model 104 stepping 1 microcode 0x8608109, cx8, cmov, fxsr, ht, mmx, 3dnowpref, sse, sse2, sse3, ssse3, sse4a, sse4.1, sse4.2, popcnt, lzcnt, tsc, tscinvbit, avx, avx2, aes, clmul, bmi1, bmi2, adx, sha, fma, vzeroupper, clflush, clflushopt, hv, rdtscp, rdpid, f16c
Processor Information for the first 12 processors :
  Max Mhz: 2100, Current Mhz: 2100, Mhz Limit: 2100

Memory: 4k page, system-wide physical 7501M (465M free)
TotalPageFile size 30029M (AvailPageFile size 43M)
current process WorkingSet (physical memory assigned to process): 7M, peak: 510M
current process commit charge ("private bytes"): 922M, peak: 927M

vm_info: OpenJDK 64-Bit Server VM (21.0.10+7-LTS) for windows-amd64 JRE (21.0.10+7-LTS), built on 2026-01-20T00:00:00Z by "admin" with MS VC++ 17.12 (VS2022)

END.
